# JRE version: OpenJDK Runtime Environment (11.0.13) (build 11.0.13+0-b1751.21-8125866)
# Java VM: OpenJDK 64-Bit Server VM (11.0.13+0-b1751.21-8125866, mixed mode, tiered, compressed oops, g1 gc, windows-amd64)
Heap:
 garbage-first heap   total 152576K, used 90396K [0x00000000a0000000, 0x0000000100000000)
  region size 1024K, 39 young (39936K), 4 survivors (4096K)
 Metaspace       used 74041K, capacity 75521K, committed 75776K, reserved 1116160K
  class space    used 9153K, capacity 9665K, committed 9728K, reserved 1048576K
GC Heap History (20 events):
Event: 7.636 GC heap before
{Heap before GC invocations=6 (full 0):
 garbage-first heap   total 126976K, used 59579K [0x00000000a0000000, 0x0000000100000000)
  region size 1024K, 48 young (49152K), 4 survivors (4096K)
 Metaspace       used 30026K, capacity 30545K, committed 30592K, reserved 1075200K
  class space    used 3765K, capacity 3955K, committed 3968K, reserved 1048576K
}
Event: 7.648 GC heap after
{Heap after GC invocations=7 (full 0):
 garbage-first heap   total 126976K, used 18732K [0x00000000a0000000, 0x0000000100000000)
  region size 1024K, 4 young (4096K), 4 survivors (4096K)
 Metaspace       used 30026K, capacity 30545K, committed 30592K, reserved 1075200K
  class space    used 3765K, capacity 3955K, committed 3968K, reserved 1048576K
}
Event: 8.197 GC heap before
{Heap before GC invocations=7 (full 0):
 garbage-first heap   total 126976K, used 59692K [0x00000000a0000000, 0x0000000100000000)
  region size 1024K, 43 young (44032K), 4 survivors (4096K)
 Metaspace       used 35252K, capacity 35789K, committed 35840K, reserved 1081344K
  class space    used 4343K, capacity 4590K, committed 4608K, reserved 1048576K
}
Event: 8.207 GC heap after
{Heap after GC invocations=8 (full 0):
 garbage-first heap   total 126976K, used 21499K [0x00000000a0000000, 0x0000000100000000)
  region size 1024K, 6 young (6144K), 6 survivors (6144K)
 Metaspace       used 35252K, capacity 35789K, committed 35840K, reserved 1081344K
  class space    used 4343K, capacity 4590K, committed 4608K, reserved 1048576K
}
Event: 8.777 GC heap before
{Heap before GC invocations=9 (full 0):
 garbage-first heap   total 126976K, used 70651K [0x00000000a0000000, 0x0000000100000000)
  region size 1024K, 54 young (55296K), 6 survivors (6144K)
 Metaspace       used 38978K, capacity 39606K, committed 39808K, reserved 1083392K
  class space    used 4932K, capacity 5137K, committed 5248K, reserved 1048576K
}
Event: 8.790 GC heap after
{Heap after GC invocations=10 (full 0):
 garbage-first heap   total 126976K, used 23260K [0x00000000a0000000, 0x0000000100000000)
  region size 1024K, 5 young (5120K), 5 survivors (5120K)
 Metaspace       used 38978K, capacity 39606K, committed 39808K, reserved 1083392K
  class space    used 4932K, capacity 5137K, committed 5248K, reserved 1048576K
}
Event: 10.339 GC heap before
{Heap before GC invocations=10 (full 0):
 garbage-first heap   total 126976K, used 77532K [0x00000000a0000000, 0x0000000100000000)
  region size 1024K, 55 young (56320K), 5 survivors (5120K)
 Metaspace       used 43616K, capacity 44504K, committed 44672K, reserved 1087488K
  class space    used 5492K, capacity 5742K, committed 5760K, reserved 1048576K
}
Event: 10.351 GC heap after
{Heap after GC invocations=11 (full 0):
 garbage-first heap   total 126976K, used 35968K [0x00000000a0000000, 0x0000000100000000)
  region size 1024K, 7 young (7168K), 7 survivors (7168K)
 Metaspace       used 43616K, capacity 44504K, committed 44672K, reserved 1087488K
  class space    used 5492K, capacity 5742K, committed 5760K, reserved 1048576K
}
Event: 11.157 GC heap before
{Heap before GC invocations=11 (full 0):
 garbage-first heap   total 126976K, used 84096K [0x00000000a0000000, 0x0000000100000000)
  region size 1024K, 54 young (55296K), 7 survivors (7168K)
 Metaspace       used 50324K, capacity 51290K, committed 51456K, reserved 1093632K
  class space    used 6276K, capacity 6554K, committed 6656K, reserved 1048576K
}
Event: 11.170 GC heap after
{Heap after GC invocations=12 (full 0):
 garbage-first heap   total 126976K, used 40330K [0x00000000a0000000, 0x0000000100000000)
  region size 1024K, 4 young (4096K), 4 survivors (4096K)
 Metaspace       used 50324K, capacity 51290K, committed 51456K, reserved 1093632K
  class space    used 6276K, capacity 6554K, committed 6656K, reserved 1048576K
}
Event: 11.892 GC heap before
{Heap before GC invocations=12 (full 0):
 garbage-first heap   total 126976K, used 87434K [0x00000000a0000000, 0x0000000100000000)
  region size 1024K, 50 young (51200K), 4 survivors (4096K)
 Metaspace       used 54361K, capacity 55389K, committed 55552K, reserved 1097728K
  class space    used 6776K, capacity 7102K, committed 7168K, reserved 1048576K
}
Event: 11.903 GC heap after
{Heap after GC invocations=13 (full 0):
 garbage-first heap   total 126976K, used 43742K [0x00000000a0000000, 0x0000000100000000)
  region size 1024K, 7 young (7168K), 7 survivors (7168K)
 Metaspace       used 54361K, capacity 55389K, committed 55552K, reserved 1097728K
  class space    used 6776K, capacity 7102K, committed 7168K, reserved 1048576K
}
Event: 13.204 GC heap before
{Heap before GC invocations=13 (full 0):
 garbage-first heap   total 126976K, used 81630K [0x00000000a0000000, 0x0000000100000000)
  region size 1024K, 46 young (47104K), 7 survivors (7168K)
 Metaspace       used 58973K, capacity 60093K, committed 60160K, reserved 1101824K
  class space    used 7374K, capacity 7759K, committed 7808K, reserved 1048576K
}
Event: 13.227 GC heap after
{Heap after GC invocations=14 (full 0):
 garbage-first heap   total 126976K, used 46676K [0x00000000a0000000, 0x0000000100000000)
  region size 1024K, 3 young (3072K), 3 survivors (3072K)
 Metaspace       used 58973K, capacity 60093K, committed 60160K, reserved 1101824K
  class space    used 7374K, capacity 7759K, committed 7808K, reserved 1048576K
}
Event: 14.139 GC heap before
{Heap before GC invocations=15 (full 0):
 garbage-first heap   total 126976K, used 91732K [0x00000000a0000000, 0x0000000100000000)
  region size 1024K, 47 young (48128K), 3 survivors (3072K)
 Metaspace       used 64116K, capacity 65417K, committed 65664K, reserved 1105920K
  class space    used 8031K, capacity 8480K, committed 8576K, reserved 1048576K
}
Event: 14.151 GC heap after
{Heap after GC invocations=16 (full 0):
 garbage-first heap   total 126976K, used 49547K [0x00000000a0000000, 0x0000000100000000)
  region size 1024K, 6 young (6144K), 6 survivors (6144K)
 Metaspace       used 64116K, capacity 65417K, committed 65664K, reserved 1105920K
  class space    used 8031K, capacity 8480K, committed 8576K, reserved 1048576K
}
Event: 141.897 GC heap before
{Heap before GC invocations=17 (full 0):
 garbage-first heap   total 126976K, used 93579K [0x00000000a0000000, 0x0000000100000000)
  region size 1024K, 50 young (51200K), 6 survivors (6144K)
 Metaspace       used 69714K, capacity 71169K, committed 71296K, reserved 1112064K
  class space    used 8551K, capacity 9027K, committed 9088K, reserved 1048576K
}
Event: 142.490 GC heap after
{Heap after GC invocations=18 (full 0):
 garbage-first heap   total 152576K, used 52478K [0x00000000a0000000, 0x0000000100000000)
  region size 1024K, 7 young (7168K), 7 survivors (7168K)
 Metaspace       used 69714K, capacity 71169K, committed 71296K, reserved 1112064K
  class space    used 8551K, capacity 9027K, committed 9088K, reserved 1048576K
}
Event: 147.687 GC heap before
{Heap before GC invocations=18 (full 0):
 garbage-first heap   total 152576K, used 72958K [0x00000000a0000000, 0x0000000100000000)
  region size 1024K, 28 young (28672K), 7 survivors (7168K)
 Metaspace       used 70582K, capacity 71983K, committed 72064K, reserved 1112064K
  class space    used 8637K, capacity 9073K, committed 9088K, reserved 1048576K
}
Event: 147.702 GC heap after
{Heap after GC invocations=19 (full 0):
 garbage-first heap   total 152576K, used 55580K [0x00000000a0000000, 0x0000000100000000)
  region size 1024K, 4 young (4096K), 4 survivors (4096K)
 Metaspace       used 70582K, capacity 71983K, committed 72064K, reserved 1112064K
  class space    used 8637K, capacity 9073K, committed 9088K, reserved 1048576K
}

