# JRE version: OpenJDK Runtime Environment (11.0.13) (build 11.0.13+0-b1751.21-8125866)
# Java VM: OpenJDK 64-Bit Server VM (11.0.13+0-b1751.21-8125866, mixed mode, tiered, compressed oops, g1 gc, windows-amd64)
Heap:
 garbage-first heap   total 317440K, used 180374K [0x0000000085800000, 0x0000000100000000)
  region size 1024K, 21 young (21504K), 7 survivors (7168K)
 Metaspace       used 63401K, capacity 64422K, committed 64512K, reserved 1105920K
  class space    used 7278K, capacity 7641K, committed 7680K, reserved 1048576K
GC Heap History (20 events):
Event: 53.363 GC heap before
{Heap before GC invocations=44 (full 0):
 garbage-first heap   total 220160K, used 181518K [0x0000000085800000, 0x0000000100000000)
  region size 1024K, 51 young (52224K), 6 survivors (6144K)
 Metaspace       used 62801K, capacity 63833K, committed 64000K, reserved 1105920K
  class space    used 7270K, capacity 7640K, committed 7680K, reserved 1048576K
}
Event: 53.386 GC heap after
{Heap after GC invocations=45 (full 0):
 garbage-first heap   total 220160K, used 138148K [0x0000000085800000, 0x0000000100000000)
  region size 1024K, 5 young (5120K), 5 survivors (5120K)
 Metaspace       used 62801K, capacity 63833K, committed 64000K, reserved 1105920K
  class space    used 7270K, capacity 7640K, committed 7680K, reserved 1048576K
}
Event: 54.777 GC heap before
{Heap before GC invocations=46 (full 0):
 garbage-first heap   total 220160K, used 184228K [0x0000000085800000, 0x0000000100000000)
  region size 1024K, 50 young (51200K), 5 survivors (5120K)
 Metaspace       used 62824K, capacity 63833K, committed 64000K, reserved 1105920K
  class space    used 7271K, capacity 7640K, committed 7680K, reserved 1048576K
}
Event: 54.799 GC heap after
{Heap after GC invocations=47 (full 0):
 garbage-first heap   total 220160K, used 141553K [0x0000000085800000, 0x0000000100000000)
  region size 1024K, 6 young (6144K), 6 survivors (6144K)
 Metaspace       used 62824K, capacity 63833K, committed 64000K, reserved 1105920K
  class space    used 7271K, capacity 7640K, committed 7680K, reserved 1048576K
}
Event: 55.477 GC heap before
{Heap before GC invocations=47 (full 0):
 garbage-first heap   total 220160K, used 185585K [0x0000000085800000, 0x0000000100000000)
  region size 1024K, 49 young (50176K), 6 survivors (6144K)
 Metaspace       used 62847K, capacity 63904K, committed 64000K, reserved 1105920K
  class space    used 7271K, capacity 7641K, committed 7680K, reserved 1048576K
}
Event: 55.506 GC heap after
{Heap after GC invocations=48 (full 0):
 garbage-first heap   total 264192K, used 144215K [0x0000000085800000, 0x0000000100000000)
  region size 1024K, 6 young (6144K), 6 survivors (6144K)
 Metaspace       used 62847K, capacity 63904K, committed 64000K, reserved 1105920K
  class space    used 7271K, capacity 7641K, committed 7680K, reserved 1048576K
}
Event: 56.985 GC heap before
{Heap before GC invocations=49 (full 0):
 garbage-first heap   total 264192K, used 202583K [0x0000000085800000, 0x0000000100000000)
  region size 1024K, 63 young (64512K), 6 survivors (6144K)
 Metaspace       used 62917K, capacity 63968K, committed 64256K, reserved 1105920K
  class space    used 7271K, capacity 7641K, committed 7680K, reserved 1048576K
}
Event: 57.007 GC heap after
{Heap after GC invocations=50 (full 0):
 garbage-first heap   total 264192K, used 147456K [0x0000000085800000, 0x0000000100000000)
  region size 1024K, 6 young (6144K), 6 survivors (6144K)
 Metaspace       used 62917K, capacity 63968K, committed 64256K, reserved 1105920K
  class space    used 7271K, capacity 7641K, committed 7680K, reserved 1048576K
}
Event: 58.581 GC heap before
{Heap before GC invocations=50 (full 0):
 garbage-first heap   total 264192K, used 207872K [0x0000000085800000, 0x0000000100000000)
  region size 1024K, 65 young (66560K), 6 survivors (6144K)
 Metaspace       used 63040K, capacity 64096K, committed 64256K, reserved 1105920K
  class space    used 7273K, capacity 7641K, committed 7680K, reserved 1048576K
}
Event: 58.638 GC heap after
{Heap after GC invocations=51 (full 0):
 garbage-first heap   total 264192K, used 150404K [0x0000000085800000, 0x0000000100000000)
  region size 1024K, 6 young (6144K), 6 survivors (6144K)
 Metaspace       used 63040K, capacity 64096K, committed 64256K, reserved 1105920K
  class space    used 7273K, capacity 7641K, committed 7680K, reserved 1048576K
}
Event: 60.015 GC heap before
{Heap before GC invocations=52 (full 0):
 garbage-first heap   total 264192K, used 211844K [0x0000000085800000, 0x0000000100000000)
  region size 1024K, 66 young (67584K), 6 survivors (6144K)
 Metaspace       used 63190K, capacity 64227K, committed 64512K, reserved 1105920K
  class space    used 7278K, capacity 7641K, committed 7680K, reserved 1048576K
}
Event: 60.033 GC heap after
{Heap after GC invocations=53 (full 0):
 garbage-first heap   total 264192K, used 153827K [0x0000000085800000, 0x0000000100000000)
  region size 1024K, 7 young (7168K), 7 survivors (7168K)
 Metaspace       used 63190K, capacity 64227K, committed 64512K, reserved 1105920K
  class space    used 7278K, capacity 7641K, committed 7680K, reserved 1048576K
}
Event: 61.148 GC heap before
{Heap before GC invocations=53 (full 0):
 garbage-first heap   total 264192K, used 215267K [0x0000000085800000, 0x0000000100000000)
  region size 1024K, 67 young (68608K), 7 survivors (7168K)
 Metaspace       used 63229K, capacity 64229K, committed 64512K, reserved 1105920K
  class space    used 7278K, capacity 7641K, committed 7680K, reserved 1048576K
}
Event: 61.167 GC heap after
{Heap after GC invocations=54 (full 0):
 garbage-first heap   total 264192K, used 156492K [0x0000000085800000, 0x0000000100000000)
  region size 1024K, 6 young (6144K), 6 survivors (6144K)
 Metaspace       used 63229K, capacity 64229K, committed 64512K, reserved 1105920K
  class space    used 7278K, capacity 7641K, committed 7680K, reserved 1048576K
}
Event: 62.463 GC heap before
{Heap before GC invocations=55 (full 0):
 garbage-first heap   total 264192K, used 217932K [0x0000000085800000, 0x0000000100000000)
  region size 1024K, 66 young (67584K), 6 survivors (6144K)
 Metaspace       used 63327K, capacity 64358K, committed 64512K, reserved 1105920K
  class space    used 7278K, capacity 7641K, committed 7680K, reserved 1048576K
}
Event: 62.496 GC heap after
{Heap after GC invocations=56 (full 0):
 garbage-first heap   total 264192K, used 160465K [0x0000000085800000, 0x0000000100000000)
  region size 1024K, 7 young (7168K), 7 survivors (7168K)
 Metaspace       used 63327K, capacity 64358K, committed 64512K, reserved 1105920K
  class space    used 7278K, capacity 7641K, committed 7680K, reserved 1048576K
}
Event: 63.478 GC heap before
{Heap before GC invocations=56 (full 0):
 garbage-first heap   total 264192K, used 220881K [0x0000000085800000, 0x0000000100000000)
  region size 1024K, 66 young (67584K), 7 survivors (7168K)
 Metaspace       used 63344K, capacity 64358K, committed 64512K, reserved 1105920K
  class space    used 7278K, capacity 7641K, committed 7680K, reserved 1048576K
}
Event: 63.504 GC heap after
{Heap after GC invocations=57 (full 0):
 garbage-first heap   total 264192K, used 164004K [0x0000000085800000, 0x0000000100000000)
  region size 1024K, 7 young (7168K), 7 survivors (7168K)
 Metaspace       used 63344K, capacity 64358K, committed 64512K, reserved 1105920K
  class space    used 7278K, capacity 7641K, committed 7680K, reserved 1048576K
}
Event: 65.011 GC heap before
{Heap before GC invocations=58 (full 0):
 garbage-first heap   total 264192K, used 224420K [0x0000000085800000, 0x0000000100000000)
  region size 1024K, 66 young (67584K), 7 survivors (7168K)
 Metaspace       used 63396K, capacity 64422K, committed 64512K, reserved 1105920K
  class space    used 7278K, capacity 7641K, committed 7680K, reserved 1048576K
}
Event: 65.037 GC heap after
{Heap after GC invocations=59 (full 0):
 garbage-first heap   total 317440K, used 167062K [0x0000000085800000, 0x0000000100000000)
  region size 1024K, 7 young (7168K), 7 survivors (7168K)
 Metaspace       used 63396K, capacity 64422K, committed 64512K, reserved 1105920K
  class space    used 7278K, capacity 7641K, committed 7680K, reserved 1048576K
}

