# JRE version: OpenJDK Runtime Environment (11.0.13) (build 11.0.13+0-b1751.21-8125866)
# Java VM: OpenJDK 64-Bit Server VM (11.0.13+0-b1751.21-8125866, mixed mode, tiered, compressed oops, g1 gc, windows-amd64)
Heap:
 garbage-first heap   total 266240K, used 164566K [0x00000000a0000000, 0x0000000100000000)
  region size 1024K, 12 young (12288K), 7 survivors (7168K)
 Metaspace       used 80928K, capacity 82527K, committed 82768K, reserved 1122304K
  class space    used 9087K, capacity 9696K, committed 9728K, reserved 1048576K
GC Heap History (20 events):
Event: 1272.118 GC heap before
{Heap before GC invocations=50 (full 0):
 garbage-first heap   total 221184K, used 166713K [0x00000000a0000000, 0x0000000100000000)
  region size 1024K, 53 young (54272K), 2 survivors (2048K)
 Metaspace       used 79287K, capacity 80867K, committed 81104K, reserved 1120256K
  class space    used 8930K, capacity 9532K, committed 9600K, reserved 1048576K
}
Event: 1272.130 GC heap after
{Heap after GC invocations=51 (full 0):
 garbage-first heap   total 266240K, used 117272K [0x00000000a0000000, 0x0000000100000000)
  region size 1024K, 4 young (4096K), 4 survivors (4096K)
 Metaspace       used 79287K, capacity 80867K, committed 81104K, reserved 1120256K
  class space    used 8930K, capacity 9532K, committed 9600K, reserved 1048576K
}
Event: 1274.495 GC heap before
{Heap before GC invocations=51 (full 0):
 garbage-first heap   total 266240K, used 188952K [0x00000000a0000000, 0x0000000100000000)
  region size 1024K, 75 young (76800K), 4 survivors (4096K)
 Metaspace       used 79717K, capacity 81298K, committed 81360K, reserved 1122304K
  class space    used 8973K, capacity 9568K, committed 9600K, reserved 1048576K
}
Event: 1274.511 GC heap after
{Heap after GC invocations=52 (full 0):
 garbage-first heap   total 266240K, used 121709K [0x00000000a0000000, 0x0000000100000000)
  region size 1024K, 9 young (9216K), 9 survivors (9216K)
 Metaspace       used 79717K, capacity 81298K, committed 81360K, reserved 1122304K
  class space    used 8973K, capacity 9568K, committed 9600K, reserved 1048576K
}
Event: 1277.613 GC heap before
{Heap before GC invocations=52 (full 0):
 garbage-first heap   total 266240K, used 196461K [0x00000000a0000000, 0x0000000100000000)
  region size 1024K, 82 young (83968K), 9 survivors (9216K)
 Metaspace       used 79838K, capacity 81427K, committed 81616K, reserved 1122304K
  class space    used 8974K, capacity 9568K, committed 9600K, reserved 1048576K
}
Event: 1277.647 GC heap after
{Heap after GC invocations=53 (full 0):
 garbage-first heap   total 266240K, used 124978K [0x00000000a0000000, 0x0000000100000000)
  region size 1024K, 8 young (8192K), 8 survivors (8192K)
 Metaspace       used 79838K, capacity 81427K, committed 81616K, reserved 1122304K
  class space    used 8974K, capacity 9568K, committed 9600K, reserved 1048576K
}
Event: 1280.181 GC heap before
{Heap before GC invocations=54 (full 0):
 garbage-first heap   total 266240K, used 197682K [0x00000000a0000000, 0x0000000100000000)
  region size 1024K, 80 young (81920K), 8 survivors (8192K)
 Metaspace       used 80400K, capacity 82011K, committed 82256K, reserved 1122304K
  class space    used 9083K, capacity 9696K, committed 9728K, reserved 1048576K
}
Event: 1280.207 GC heap after
{Heap after GC invocations=55 (full 0):
 garbage-first heap   total 266240K, used 129149K [0x00000000a0000000, 0x0000000100000000)
  region size 1024K, 8 young (8192K), 8 survivors (8192K)
 Metaspace       used 80400K, capacity 82011K, committed 82256K, reserved 1122304K
  class space    used 9083K, capacity 9696K, committed 9728K, reserved 1048576K
}
Event: 1281.812 GC heap before
{Heap before GC invocations=56 (full 0):
 garbage-first heap   total 266240K, used 216189K [0x00000000a0000000, 0x0000000100000000)
  region size 1024K, 84 young (86016K), 8 survivors (8192K)
 Metaspace       used 80519K, capacity 82076K, committed 82256K, reserved 1122304K
  class space    used 9084K, capacity 9696K, committed 9728K, reserved 1048576K
}
Event: 1281.848 GC heap after
{Heap after GC invocations=57 (full 0):
 garbage-first heap   total 266240K, used 144036K [0x00000000a0000000, 0x0000000100000000)
  region size 1024K, 10 young (10240K), 10 survivors (10240K)
 Metaspace       used 80519K, capacity 82076K, committed 82256K, reserved 1122304K
  class space    used 9084K, capacity 9696K, committed 9728K, reserved 1048576K
}
Event: 1284.817 GC heap before
{Heap before GC invocations=57 (full 0):
 garbage-first heap   total 266240K, used 216740K [0x00000000a0000000, 0x0000000100000000)
  region size 1024K, 81 young (82944K), 10 survivors (10240K)
 Metaspace       used 80565K, capacity 82140K, committed 82256K, reserved 1122304K
  class space    used 9084K, capacity 9696K, committed 9728K, reserved 1048576K
}
Event: 1284.920 GC heap after
{Heap after GC invocations=58 (full 0):
 garbage-first heap   total 266240K, used 147797K [0x00000000a0000000, 0x0000000100000000)
  region size 1024K, 10 young (10240K), 10 survivors (10240K)
 Metaspace       used 80565K, capacity 82140K, committed 82256K, reserved 1122304K
  class space    used 9084K, capacity 9696K, committed 9728K, reserved 1048576K
}
Event: 1286.702 GC heap before
{Heap before GC invocations=59 (full 0):
 garbage-first heap   total 266240K, used 217429K [0x00000000a0000000, 0x0000000100000000)
  region size 1024K, 80 young (81920K), 10 survivors (10240K)
 Metaspace       used 80666K, capacity 82269K, committed 82512K, reserved 1122304K
  class space    used 9085K, capacity 9696K, committed 9728K, reserved 1048576K
}
Event: 1286.739 GC heap after
{Heap after GC invocations=60 (full 0):
 garbage-first heap   total 266240K, used 149006K [0x00000000a0000000, 0x0000000100000000)
  region size 1024K, 7 young (7168K), 7 survivors (7168K)
 Metaspace       used 80666K, capacity 82269K, committed 82512K, reserved 1122304K
  class space    used 9085K, capacity 9696K, committed 9728K, reserved 1048576K
}
Event: 1288.213 GC heap before
{Heap before GC invocations=60 (full 0):
 garbage-first heap   total 266240K, used 221710K [0x00000000a0000000, 0x0000000100000000)
  region size 1024K, 78 young (79872K), 7 survivors (7168K)
 Metaspace       used 80714K, capacity 82269K, committed 82512K, reserved 1122304K
  class space    used 9086K, capacity 9696K, committed 9728K, reserved 1048576K
}
Event: 1288.237 GC heap after
{Heap after GC invocations=61 (full 0):
 garbage-first heap   total 266240K, used 154193K [0x00000000a0000000, 0x0000000100000000)
  region size 1024K, 9 young (9216K), 9 survivors (9216K)
 Metaspace       used 80714K, capacity 82269K, committed 82512K, reserved 1122304K
  class space    used 9086K, capacity 9696K, committed 9728K, reserved 1048576K
}
Event: 1294.713 GC heap before
{Heap before GC invocations=62 (full 0):
 garbage-first heap   total 266240K, used 222801K [0x00000000a0000000, 0x0000000100000000)
  region size 1024K, 76 young (77824K), 9 survivors (9216K)
 Metaspace       used 80800K, capacity 82398K, committed 82512K, reserved 1122304K
  class space    used 9086K, capacity 9696K, committed 9728K, reserved 1048576K
}
Event: 1294.783 GC heap after
{Heap after GC invocations=63 (full 0):
 garbage-first heap   total 266240K, used 157587K [0x00000000a0000000, 0x0000000100000000)
  region size 1024K, 8 young (8192K), 8 survivors (8192K)
 Metaspace       used 80800K, capacity 82398K, committed 82512K, reserved 1122304K
  class space    used 9086K, capacity 9696K, committed 9728K, reserved 1048576K
}
Event: 1296.980 GC heap before
{Heap before GC invocations=63 (full 0):
 garbage-first heap   total 266240K, used 225171K [0x00000000a0000000, 0x0000000100000000)
  region size 1024K, 74 young (75776K), 8 survivors (8192K)
 Metaspace       used 80925K, capacity 82527K, committed 82768K, reserved 1122304K
  class space    used 9087K, capacity 9696K, committed 9728K, reserved 1048576K
}
Event: 1297.022 GC heap after
{Heap after GC invocations=64 (full 0):
 garbage-first heap   total 266240K, used 160470K [0x00000000a0000000, 0x0000000100000000)
  region size 1024K, 7 young (7168K), 7 survivors (7168K)
 Metaspace       used 80925K, capacity 82527K, committed 82768K, reserved 1122304K
  class space    used 9087K, capacity 9696K, committed 9728K, reserved 1048576K
}

