# JRE version: OpenJDK Runtime Environment (11.0.13) (build 11.0.13+0-b1751.21-8125866)
# Java VM: OpenJDK 64-Bit Server VM (11.0.13+0-b1751.21-8125866, mixed mode, tiered, compressed oops, g1 gc, windows-amd64)
Heap:
 garbage-first heap   total 622592K, used 204691K [0x00000000a0000000, 0x0000000100000000)
  region size 1024K, 5 young (5120K), 5 survivors (5120K)
 Metaspace       used 78938K, capacity 80684K, committed 80896K, reserved 1120256K
  class space    used 9958K, capacity 10530K, committed 10572K, reserved 1048576K
GC Heap History (20 events):
Event: 20.519 GC heap after
{Heap after GC invocations=33 (full 0):
 garbage-first heap   total 183296K, used 139264K [0x00000000a0000000, 0x0000000100000000)
  region size 1024K, 3 young (3072K), 3 survivors (3072K)
 Metaspace       used 78828K, capacity 80510K, committed 80640K, reserved 1120256K
  class space    used 9947K, capacity 10496K, committed 10572K, reserved 1048576K
}
Event: 20.624 GC heap before
{Heap before GC invocations=34 (full 0):
 garbage-first heap   total 183296K, used 155648K [0x00000000a0000000, 0x0000000100000000)
  region size 1024K, 19 young (19456K), 3 survivors (3072K)
 Metaspace       used 78829K, capacity 80510K, committed 80640K, reserved 1120256K
  class space    used 9947K, capacity 10496K, committed 10572K, reserved 1048576K
}
Event: 20.634 GC heap after
{Heap after GC invocations=35 (full 0):
 garbage-first heap   total 183296K, used 144137K [0x00000000a0000000, 0x0000000100000000)
  region size 1024K, 3 young (3072K), 3 survivors (3072K)
 Metaspace       used 78829K, capacity 80510K, committed 80640K, reserved 1120256K
  class space    used 9947K, capacity 10496K, committed 10572K, reserved 1048576K
}
Event: 20.701 GC heap before
{Heap before GC invocations=35 (full 0):
 garbage-first heap   total 183296K, used 156425K [0x00000000a0000000, 0x0000000100000000)
  region size 1024K, 15 young (15360K), 3 survivors (3072K)
 Metaspace       used 78829K, capacity 80510K, committed 80640K, reserved 1120256K
  class space    used 9947K, capacity 10496K, committed 10572K, reserved 1048576K
}
Event: 20.711 GC heap after
{Heap after GC invocations=36 (full 0):
 garbage-first heap   total 220160K, used 147308K [0x00000000a0000000, 0x0000000100000000)
  region size 1024K, 2 young (2048K), 2 survivors (2048K)
 Metaspace       used 78829K, capacity 80510K, committed 80640K, reserved 1120256K
  class space    used 9947K, capacity 10496K, committed 10572K, reserved 1048576K
}
Event: 20.824 GC heap before
{Heap before GC invocations=36 (full 0):
 garbage-first heap   total 220160K, used 170860K [0x00000000a0000000, 0x0000000100000000)
  region size 1024K, 25 young (25600K), 2 survivors (2048K)
 Metaspace       used 78831K, capacity 80513K, committed 80640K, reserved 1120256K
  class space    used 9947K, capacity 10497K, committed 10572K, reserved 1048576K
}
Event: 20.838 GC heap after
{Heap after GC invocations=37 (full 0):
 garbage-first heap   total 220160K, used 155067K [0x00000000a0000000, 0x0000000100000000)
  region size 1024K, 4 young (4096K), 4 survivors (4096K)
 Metaspace       used 78831K, capacity 80513K, committed 80640K, reserved 1120256K
  class space    used 9947K, capacity 10497K, committed 10572K, reserved 1048576K
}
Event: 20.900 GC heap before
{Heap before GC invocations=37 (full 0):
 garbage-first heap   total 220160K, used 175547K [0x00000000a0000000, 0x0000000100000000)
  region size 1024K, 24 young (24576K), 4 survivors (4096K)
 Metaspace       used 78833K, capacity 80513K, committed 80640K, reserved 1120256K
  class space    used 9948K, capacity 10497K, committed 10572K, reserved 1048576K
}
Event: 20.916 GC heap after
{Heap after GC invocations=38 (full 0):
 garbage-first heap   total 220160K, used 160197K [0x00000000a0000000, 0x0000000100000000)
  region size 1024K, 3 young (3072K), 3 survivors (3072K)
 Metaspace       used 78833K, capacity 80513K, committed 80640K, reserved 1120256K
  class space    used 9948K, capacity 10497K, committed 10572K, reserved 1048576K
}
Event: 21.049 GC heap before
{Heap before GC invocations=38 (full 0):
 garbage-first heap   total 220160K, used 178629K [0x00000000a0000000, 0x0000000100000000)
  region size 1024K, 22 young (22528K), 3 survivors (3072K)
 Metaspace       used 78822K, capacity 80496K, committed 80640K, reserved 1120256K
  class space    used 9945K, capacity 10491K, committed 10572K, reserved 1048576K
}
Event: 21.064 GC heap after
{Heap after GC invocations=39 (full 0):
 garbage-first heap   total 220160K, used 165617K [0x00000000a0000000, 0x0000000100000000)
  region size 1024K, 3 young (3072K), 3 survivors (3072K)
 Metaspace       used 78822K, capacity 80496K, committed 80640K, reserved 1120256K
  class space    used 9945K, capacity 10491K, committed 10572K, reserved 1048576K
}
Event: 21.102 GC heap before
{Heap before GC invocations=39 (full 0):
 garbage-first heap   total 220160K, used 182001K [0x00000000a0000000, 0x0000000100000000)
  region size 1024K, 20 young (20480K), 3 survivors (3072K)
 Metaspace       used 78822K, capacity 80496K, committed 80640K, reserved 1120256K
  class space    used 9945K, capacity 10491K, committed 10572K, reserved 1048576K
}
Event: 21.118 GC heap after
{Heap after GC invocations=40 (full 0):
 garbage-first heap   total 292864K, used 170466K [0x00000000a0000000, 0x0000000100000000)
  region size 1024K, 3 young (3072K), 3 survivors (3072K)
 Metaspace       used 78822K, capacity 80496K, committed 80640K, reserved 1120256K
  class space    used 9945K, capacity 10491K, committed 10572K, reserved 1048576K
}
Event: 21.279 GC heap before
{Heap before GC invocations=41 (full 0):
 garbage-first heap   total 292864K, used 209378K [0x00000000a0000000, 0x0000000100000000)
  region size 1024K, 41 young (41984K), 3 survivors (3072K)
 Metaspace       used 78822K, capacity 80496K, committed 80640K, reserved 1120256K
  class space    used 9945K, capacity 10491K, committed 10572K, reserved 1048576K
}
Event: 21.331 GC heap after
{Heap after GC invocations=42 (full 0):
 garbage-first heap   total 292864K, used 179407K [0x00000000a0000000, 0x0000000100000000)
  region size 1024K, 6 young (6144K), 6 survivors (6144K)
 Metaspace       used 78822K, capacity 80496K, committed 80640K, reserved 1120256K
  class space    used 9945K, capacity 10491K, committed 10572K, reserved 1048576K
}
Event: 21.763 GC heap before
{Heap before GC invocations=42 (full 0):
 garbage-first heap   total 292864K, used 213199K [0x00000000a0000000, 0x0000000100000000)
  region size 1024K, 40 young (40960K), 6 survivors (6144K)
 Metaspace       used 78824K, capacity 80496K, committed 80640K, reserved 1120256K
  class space    used 9945K, capacity 10491K, committed 10572K, reserved 1048576K
}
Event: 21.787 GC heap after
{Heap after GC invocations=43 (full 0):
 garbage-first heap   total 292864K, used 188181K [0x00000000a0000000, 0x0000000100000000)
  region size 1024K, 6 young (6144K), 6 survivors (6144K)
 Metaspace       used 78824K, capacity 80496K, committed 80640K, reserved 1120256K
  class space    used 9945K, capacity 10491K, committed 10572K, reserved 1048576K
}
Event: 22.760 GC heap before
{Heap before GC invocations=44 (full 0):
 garbage-first heap   total 292864K, used 209685K [0x00000000a0000000, 0x0000000100000000)
  region size 1024K, 27 young (27648K), 6 survivors (6144K)
 Metaspace       used 78829K, capacity 80496K, committed 80640K, reserved 1120256K
  class space    used 9945K, capacity 10491K, committed 10572K, reserved 1048576K
}
Event: 22.781 GC heap after
{Heap after GC invocations=45 (full 0):
 garbage-first heap   total 292864K, used 194560K [0x00000000a0000000, 0x0000000100000000)
  region size 1024K, 5 young (5120K), 5 survivors (5120K)
 Metaspace       used 78829K, capacity 80496K, committed 80640K, reserved 1120256K
  class space    used 9945K, capacity 10491K, committed 10572K, reserved 1048576K
}
Event: 23.233 GC heap before
{Heap before GC invocations=45 (full 0):
 garbage-first heap   total 292864K, used 230400K [0x00000000a0000000, 0x0000000100000000)
  region size 1024K, 38 young (38912K), 5 survivors (5120K)
 Metaspace       used 78938K, capacity 80684K, committed 80896K, reserved 1120256K
  class space    used 9958K, capacity 10530K, committed 10572K, reserved 1048576K
}

