# JRE version: OpenJDK Runtime Environment (11.0.13) (build 11.0.13+0-b1751.21-8125866)
# Java VM: OpenJDK 64-Bit Server VM (11.0.13+0-b1751.21-8125866, mixed mode, tiered, compressed oops, g1 gc, windows-amd64)
Heap:
 garbage-first heap   total 550912K, used 410112K [0x00000000a0000000, 0x0000000100000000)
  region size 1024K, 67 young (68608K), 5 survivors (5120K)
 Metaspace       used 88235K, capacity 90363K, committed 90572K, reserved 1128448K
  class space    used 11227K, capacity 11971K, committed 11980K, reserved 1048576K
GC Heap History (20 events):
Event: 82.116 GC heap before
{Heap before GC invocations=84 (full 0):
 garbage-first heap   total 349184K, used 287036K [0x00000000a0000000, 0x0000000100000000)
  region size 1024K, 43 young (44032K), 6 survivors (6144K)
 Metaspace       used 83241K, capacity 85301K, committed 85580K, reserved 1124352K
  class space    used 10544K, capacity 11265K, committed 11340K, reserved 1048576K
}
Event: 82.143 GC heap after
{Heap after GC invocations=85 (full 0):
 garbage-first heap   total 349184K, used 255922K [0x00000000a0000000, 0x0000000100000000)
  region size 1024K, 6 young (6144K), 6 survivors (6144K)
 Metaspace       used 83241K, capacity 85301K, committed 85580K, reserved 1124352K
  class space    used 10544K, capacity 11265K, committed 11340K, reserved 1048576K
}
Event: 83.241 GC heap before
{Heap before GC invocations=86 (full 0):
 garbage-first heap   total 349184K, used 291762K [0x00000000a0000000, 0x0000000100000000)
  region size 1024K, 41 young (41984K), 6 survivors (6144K)
 Metaspace       used 84584K, capacity 86609K, committed 86860K, reserved 1124352K
  class space    used 10746K, capacity 11466K, committed 11596K, reserved 1048576K
}
Event: 83.296 GC heap after
{Heap after GC invocations=87 (full 0):
 garbage-first heap   total 349184K, used 262658K [0x00000000a0000000, 0x0000000100000000)
  region size 1024K, 6 young (6144K), 6 survivors (6144K)
 Metaspace       used 84584K, capacity 86609K, committed 86860K, reserved 1124352K
  class space    used 10746K, capacity 11466K, committed 11596K, reserved 1048576K
}
Event: 83.375 GC heap before
{Heap before GC invocations=87 (full 0):
 garbage-first heap   total 349184K, used 273922K [0x00000000a0000000, 0x0000000100000000)
  region size 1024K, 17 young (17408K), 6 survivors (6144K)
 Metaspace       used 84642K, capacity 86673K, committed 86860K, reserved 1124352K
  class space    used 10746K, capacity 11466K, committed 11596K, reserved 1048576K
}
Event: 83.407 GC heap after
{Heap after GC invocations=88 (full 0):
 garbage-first heap   total 349184K, used 261998K [0x00000000a0000000, 0x0000000100000000)
  region size 1024K, 2 young (2048K), 2 survivors (2048K)
 Metaspace       used 84642K, capacity 86673K, committed 86860K, reserved 1124352K
  class space    used 10746K, capacity 11466K, committed 11596K, reserved 1048576K
}
Event: 83.655 GC heap before
{Heap before GC invocations=88 (full 0):
 garbage-first heap   total 349184K, used 293742K [0x00000000a0000000, 0x0000000100000000)
  region size 1024K, 33 young (33792K), 2 survivors (2048K)
 Metaspace       used 84765K, capacity 86801K, committed 87116K, reserved 1124352K
  class space    used 10746K, capacity 11466K, committed 11596K, reserved 1048576K
}
Event: 83.664 GC heap after
{Heap after GC invocations=89 (full 0):
 garbage-first heap   total 439296K, used 262457K [0x00000000a0000000, 0x0000000100000000)
  region size 1024K, 2 young (2048K), 2 survivors (2048K)
 Metaspace       used 84765K, capacity 86801K, committed 87116K, reserved 1124352K
  class space    used 10746K, capacity 11466K, committed 11596K, reserved 1048576K
}
Event: 86.475 GC heap before
{Heap before GC invocations=90 (full 0):
 garbage-first heap   total 439296K, used 324921K [0x00000000a0000000, 0x0000000100000000)
  region size 1024K, 64 young (65536K), 2 survivors (2048K)
 Metaspace       used 85491K, capacity 87596K, committed 87884K, reserved 1126400K
  class space    used 10826K, capacity 11550K, committed 11596K, reserved 1048576K
}
Event: 86.505 GC heap after
{Heap after GC invocations=91 (full 0):
 garbage-first heap   total 439296K, used 264513K [0x00000000a0000000, 0x0000000100000000)
  region size 1024K, 5 young (5120K), 5 survivors (5120K)
 Metaspace       used 85491K, capacity 87596K, committed 87884K, reserved 1126400K
  class space    used 10826K, capacity 11550K, committed 11596K, reserved 1048576K
}
Event: 89.027 GC heap before
{Heap before GC invocations=91 (full 0):
 garbage-first heap   total 439296K, used 335169K [0x00000000a0000000, 0x0000000100000000)
  region size 1024K, 74 young (75776K), 5 survivors (5120K)
 Metaspace       used 85852K, capacity 87998K, committed 88140K, reserved 1126400K
  class space    used 10856K, capacity 11594K, committed 11596K, reserved 1048576K
}
Event: 89.168 GC heap after
{Heap after GC invocations=92 (full 0):
 garbage-first heap   total 439296K, used 298864K [0x00000000a0000000, 0x0000000100000000)
  region size 1024K, 10 young (10240K), 10 survivors (10240K)
 Metaspace       used 85852K, capacity 87998K, committed 88140K, reserved 1126400K
  class space    used 10856K, capacity 11594K, committed 11596K, reserved 1048576K
}
Event: 90.262 GC heap before
{Heap before GC invocations=93 (full 0):
 garbage-first heap   total 439296K, used 350064K [0x00000000a0000000, 0x0000000100000000)
  region size 1024K, 60 young (61440K), 10 survivors (10240K)
 Metaspace       used 85860K, capacity 88000K, committed 88140K, reserved 1126400K
  class space    used 10856K, capacity 11594K, committed 11596K, reserved 1048576K
}
Event: 90.376 GC heap after
{Heap after GC invocations=94 (full 0):
 garbage-first heap   total 439296K, used 317952K [0x00000000a0000000, 0x0000000100000000)
  region size 1024K, 8 young (8192K), 8 survivors (8192K)
 Metaspace       used 85860K, capacity 88000K, committed 88140K, reserved 1126400K
  class space    used 10856K, capacity 11594K, committed 11596K, reserved 1048576K
}
Event: 90.626 GC heap before
{Heap before GC invocations=94 (full 0):
 garbage-first heap   total 439296K, used 330240K [0x00000000a0000000, 0x0000000100000000)
  region size 1024K, 21 young (21504K), 8 survivors (8192K)
 Metaspace       used 85862K, capacity 88000K, committed 88140K, reserved 1126400K
  class space    used 10856K, capacity 11594K, committed 11596K, reserved 1048576K
}
Event: 90.680 GC heap after
{Heap after GC invocations=95 (full 0):
 garbage-first heap   total 439296K, used 321024K [0x00000000a0000000, 0x0000000100000000)
  region size 1024K, 3 young (3072K), 3 survivors (3072K)
 Metaspace       used 85862K, capacity 88000K, committed 88140K, reserved 1126400K
  class space    used 10856K, capacity 11594K, committed 11596K, reserved 1048576K
}
Event: 91.574 GC heap before
{Heap before GC invocations=95 (full 0):
 garbage-first heap   total 439296K, used 360960K [0x00000000a0000000, 0x0000000100000000)
  region size 1024K, 42 young (43008K), 3 survivors (3072K)
 Metaspace       used 85878K, capacity 88000K, committed 88140K, reserved 1126400K
  class space    used 10857K, capacity 11594K, committed 11596K, reserved 1048576K
}
Event: 91.618 GC heap after
{Heap after GC invocations=96 (full 0):
 garbage-first heap   total 439296K, used 333824K [0x00000000a0000000, 0x0000000100000000)
  region size 1024K, 6 young (6144K), 6 survivors (6144K)
 Metaspace       used 85878K, capacity 88000K, committed 88140K, reserved 1126400K
  class space    used 10857K, capacity 11594K, committed 11596K, reserved 1048576K
}
Event: 93.495 GC heap before
{Heap before GC invocations=96 (full 0):
 garbage-first heap   total 439296K, used 368640K [0x00000000a0000000, 0x0000000100000000)
  region size 1024K, 40 young (40960K), 6 survivors (6144K)
 Metaspace       used 85881K, capacity 87994K, committed 88140K, reserved 1126400K
  class space    used 10857K, capacity 11592K, committed 11596K, reserved 1048576K
}
Event: 93.552 GC heap after
{Heap after GC invocations=97 (full 0):
 garbage-first heap   total 550912K, used 346624K [0x00000000a0000000, 0x0000000100000000)
  region size 1024K, 5 young (5120K), 5 survivors (5120K)
 Metaspace       used 85881K, capacity 87994K, committed 88140K, reserved 1126400K
  class space    used 10857K, capacity 11592K, committed 11596K, reserved 1048576K
}

